<?xml version="1.0" encoding="UTF-8"?>
<!-- Generated by org.testng.reporters.JUnitXMLReporter -->
<testsuite ignored="2" hostname="DESKTOP-9T9JITS" failures="0" tests="1" name="Default test" time="7.359" errors="0" timestamp="2025-11-13T23:32:03 IST">
  <testcase classname="testCases.LoginPageTest" name="verifyURLOfApplicationTest" time="0.848"/>
  <testcase classname="testCases.LoginPageTest" name="loginToApplicationTest" time="0.0">
    <ignored/>
  </testcase> <!-- loginToApplicationTest -->
  <testcase classname="testCases.LoginPageTest" name="verifyTitleOfApplicationTest" time="0.0">
    <ignored/>
  </testcase> <!-- verifyTitleOfApplicationTest -->
</testsuite> <!-- Default test -->
