<?xml version="1.0" encoding="UTF-8"?>
<testng-results ignored="0" total="2" passed="2" failed="0" skipped="0">
  <reporter-output>
  </reporter-output>
  <suite started-at="2025-11-12T22:35:30 IST" name="Default suite" finished-at="2025-11-12T22:35:37 IST" duration-ms="7448">
    <groups>
    </groups>
    <test started-at="2025-11-12T22:35:30 IST" name="Default test" finished-at="2025-11-12T22:35:37 IST" duration-ms="7448">
      <class name="testCases.LoginPageTest">
        <test-method is-config="true" signature="setUp()[pri:0, instance:testCases.LoginPageTest@79e4c792]" started-at="2025-11-12T22:35:30 IST" name="setUp" finished-at="2025-11-12T22:35:34 IST" duration-ms="4501" status="PASS">
          <reporter-output>
          </reporter-output>
        </test-method> <!-- setUp -->
        <test-method signature="verifyTitleOfApplicationTest()[pri:0, instance:testCases.LoginPageTest@79e4c792]" started-at="2025-11-12T22:35:34 IST" name="verifyTitleOfApplicationTest" finished-at="2025-11-12T22:35:34 IST" duration-ms="26" status="PASS">
          <reporter-output>
          </reporter-output>
        </test-method> <!-- verifyTitleOfApplicationTest -->
        <test-method is-config="true" signature="closeBrowser()[pri:0, instance:testCases.LoginPageTest@79e4c792]" started-at="2025-11-12T22:35:34 IST" name="closeBrowser" finished-at="2025-11-12T22:35:35 IST" duration-ms="226" status="PASS">
          <reporter-output>
          </reporter-output>
        </test-method> <!-- closeBrowser -->
        <test-method is-config="true" signature="setUp()[pri:0, instance:testCases.LoginPageTest@79e4c792]" started-at="2025-11-12T22:35:35 IST" name="setUp" finished-at="2025-11-12T22:35:36 IST" duration-ms="1688" status="PASS">
          <reporter-output>
          </reporter-output>
        </test-method> <!-- setUp -->
        <test-method signature="verifyURLOfApplicationTest()[pri:0, instance:testCases.LoginPageTest@79e4c792]" started-at="2025-11-12T22:35:36 IST" name="verifyURLOfApplicationTest" finished-at="2025-11-12T22:35:37 IST" duration-ms="676" status="PASS">
          <reporter-output>
          </reporter-output>
        </test-method> <!-- verifyURLOfApplicationTest -->
        <test-method is-config="true" signature="closeBrowser()[pri:0, instance:testCases.LoginPageTest@79e4c792]" started-at="2025-11-12T22:35:37 IST" name="closeBrowser" finished-at="2025-11-12T22:35:37 IST" duration-ms="247" status="PASS">
          <reporter-output>
          </reporter-output>
        </test-method> <!-- closeBrowser -->
      </class> <!-- testCases.LoginPageTest -->
    </test> <!-- Default test -->
  </suite> <!-- Default suite -->
</testng-results>
