<?xml version="1.0" encoding="UTF-8"?>
<testng-results ignored="0" total="2" passed="2" failed="0" skipped="0">
  <reporter-output>
  </reporter-output>
  <suite started-at="2025-11-12T22:13:38 IST" name="Default suite" finished-at="2025-11-12T22:13:46 IST" duration-ms="8092">
    <groups>
    </groups>
    <test started-at="2025-11-12T22:13:38 IST" name="Default test" finished-at="2025-11-12T22:13:46 IST" duration-ms="8092">
      <class name="testCases.LoginPageTest">
        <test-method is-config="true" signature="setUp()[pri:0, instance:testCases.LoginPageTest@79e4c792]" started-at="2025-11-12T22:13:38 IST" name="setUp" finished-at="2025-11-12T22:13:42 IST" duration-ms="3798" status="PASS">
          <reporter-output>
          </reporter-output>
        </test-method> <!-- setUp -->
        <test-method signature="verifyTitleOfApplicationTest()[pri:0, instance:testCases.LoginPageTest@79e4c792]" started-at="2025-11-12T22:13:42 IST" name="verifyTitleOfApplicationTest" finished-at="2025-11-12T22:13:43 IST" duration-ms="1133" status="PASS">
          <reporter-output>
          </reporter-output>
        </test-method> <!-- verifyTitleOfApplicationTest -->
        <test-method is-config="true" signature="closeBrowser()[pri:0, instance:testCases.LoginPageTest@79e4c792]" started-at="2025-11-12T22:13:43 IST" name="closeBrowser" finished-at="2025-11-12T22:13:43 IST" duration-ms="189" status="PASS">
          <reporter-output>
          </reporter-output>
        </test-method> <!-- closeBrowser -->
        <test-method is-config="true" signature="setUp()[pri:0, instance:testCases.LoginPageTest@79e4c792]" started-at="2025-11-12T22:13:43 IST" name="setUp" finished-at="2025-11-12T22:13:46 IST" duration-ms="2630" status="PASS">
          <reporter-output>
          </reporter-output>
        </test-method> <!-- setUp -->
        <test-method signature="verifyURLOfApplicationTest()[pri:0, instance:testCases.LoginPageTest@79e4c792]" started-at="2025-11-12T22:13:46 IST" name="verifyURLOfApplicationTest" finished-at="2025-11-12T22:13:46 IST" duration-ms="18" status="PASS">
          <reporter-output>
          </reporter-output>
        </test-method> <!-- verifyURLOfApplicationTest -->
        <test-method is-config="true" signature="closeBrowser()[pri:0, instance:testCases.LoginPageTest@79e4c792]" started-at="2025-11-12T22:13:46 IST" name="closeBrowser" finished-at="2025-11-12T22:13:46 IST" duration-ms="231" status="PASS">
          <reporter-output>
          </reporter-output>
        </test-method> <!-- closeBrowser -->
      </class> <!-- testCases.LoginPageTest -->
    </test> <!-- Default test -->
  </suite> <!-- Default suite -->
</testng-results>
