<?xml version="1.0" encoding="UTF-8"?>
<!-- Generated by org.testng.reporters.JUnitReportReporter -->
<testsuite hostname="DESKTOP-9T9JITS" failures="0" tests="2" name="testCases.LoginPageTest" time="7.999" errors="0" timestamp="2025-11-12T22:13:46 IST" skipped="0">
  <testcase classname="testCases.LoginPageTest" name="verifyTitleOfApplicationTest" time="3.952"/>
  <system-out/>
  <testcase classname="testCases.LoginPageTest" name="verifyURLOfApplicationTest" time="4.047"/>
  <system-out/>
</testsuite> <!-- testCases.LoginPageTest -->
