<?xml version="1.0" encoding="UTF-8"?>
<!-- Generated by org.testng.reporters.JUnitReportReporter -->
<testsuite hostname="DESKTOP-9T9JITS" failures="0" tests="1" name="testCases.LoginPageTest" time="7.299" errors="0" timestamp="2025-11-13T23:32:03 IST" skipped="0">
  <testcase classname="testCases.LoginPageTest" name="verifyURLOfApplicationTest" time="7.299"/>
  <system-out>
    <![CDATA[Swag Lab URL = https://www.saucedemo.com/]]>
  </system-out>
</testsuite> <!-- testCases.LoginPageTest -->
